L 12/11/2025 - 16:40:09: [CSX] Could not load csstats file: cstrike\
L 12/11/2025 - 16:40:09: -------- Mapchange to de_dust2 --------
L 12/11/2025 - 16:40:10: An error occurred in plugin_natives. This is dangerous!
L 12/11/2025 - 16:40:10: An error occurred in plugin_natives. This is dangerous!
L 12/11/2025 - 16:40:10: An error occurred in plugin_natives. This is dangerous!
L 12/11/2025 - 16:40:10: An error occurred in plugin_natives. This is dangerous!
L 12/11/2025 - 16:40:10: An error occurred in plugin_natives. This is dangerous!
L 12/11/2025 - 16:40:10: An error occurred in plugin_natives. This is dangerous!
L 12/11/2025 - 16:40:10: [AMXX] Plugin "xpshop.amxx" failed to load: Plugin uses an unknown function (name "set_user_mj") - check your modules.ini.
L 12/11/2025 - 16:40:24: [CSX] Could not load csstats file: cstrike\
L 12/11/2025 - 16:40:24: -------- Mapchange to de_dust2 --------
L 12/11/2025 - 16:40:24: An error occurred in plugin_natives. This is dangerous!
L 12/11/2025 - 16:40:24: An error occurred in plugin_natives. This is dangerous!
L 12/11/2025 - 16:40:24: An error occurred in plugin_natives. This is dangerous!
L 12/11/2025 - 16:40:24: An error occurred in plugin_natives. This is dangerous!
L 12/11/2025 - 16:40:24: An error occurred in plugin_natives. This is dangerous!
L 12/11/2025 - 16:40:24: An error occurred in plugin_natives. This is dangerous!
L 12/11/2025 - 16:40:24: [AMXX] Plugin "xpshop.amxx" failed to load: Plugin uses an unknown function (name "set_user_mj") - check your modules.ini.
L 12/11/2025 - 16:40:28: [CSX] Could not load csstats file: cstrike\
L 12/11/2025 - 16:40:28: -------- Mapchange to de_dust2 --------
L 12/11/2025 - 16:40:28: An error occurred in plugin_natives. This is dangerous!
L 12/11/2025 - 16:40:28: An error occurred in plugin_natives. This is dangerous!
L 12/11/2025 - 16:40:28: An error occurred in plugin_natives. This is dangerous!
L 12/11/2025 - 16:40:29: An error occurred in plugin_natives. This is dangerous!
L 12/11/2025 - 16:40:29: An error occurred in plugin_natives. This is dangerous!
L 12/11/2025 - 16:40:29: An error occurred in plugin_natives. This is dangerous!
L 12/11/2025 - 16:40:29: [AMXX] Plugin "xpshop.amxx" failed to load: Plugin uses an unknown function (name "set_user_mj") - check your modules.ini.
L 12/11/2025 - 16:40:33: [CSX] Could not load csstats file: cstrike\
L 12/11/2025 - 16:40:33: -------- Mapchange to de_dust2 --------
L 12/11/2025 - 16:40:33: An error occurred in plugin_natives. This is dangerous!
L 12/11/2025 - 16:40:33: An error occurred in plugin_natives. This is dangerous!
L 12/11/2025 - 16:40:33: An error occurred in plugin_natives. This is dangerous!
L 12/11/2025 - 16:40:33: An error occurred in plugin_natives. This is dangerous!
L 12/11/2025 - 16:40:33: An error occurred in plugin_natives. This is dangerous!
L 12/11/2025 - 16:40:33: An error occurred in plugin_natives. This is dangerous!
L 12/11/2025 - 16:40:33: [AMXX] Plugin "xpshop.amxx" failed to load: Plugin uses an unknown function (name "set_user_mj") - check your modules.ini.
L 12/11/2025 - 16:44:06: [CSX] Could not load csstats file: cstrike\
L 12/11/2025 - 16:44:07: -------- Mapchange to de_dust2 --------
L 12/11/2025 - 16:44:07: An error occurred in plugin_natives. This is dangerous!
L 12/11/2025 - 16:44:07: An error occurred in plugin_natives. This is dangerous!
L 12/11/2025 - 16:44:07: An error occurred in plugin_natives. This is dangerous!
L 12/11/2025 - 16:44:07: An error occurred in plugin_natives. This is dangerous!
L 12/11/2025 - 16:44:07: An error occurred in plugin_natives. This is dangerous!
L 12/11/2025 - 16:44:07: An error occurred in plugin_natives. This is dangerous!
L 12/11/2025 - 16:44:07: [AMXX] Plugin "xpshop.amxx" failed to load: Plugin uses an unknown function (name "set_user_mj") - check your modules.ini.
L 12/11/2025 - 16:45:16: [CSX] Could not load csstats file: cstrike\
L 12/11/2025 - 16:45:16: -------- Mapchange to de_dust2 --------
L 12/11/2025 - 16:45:16: An error occurred in plugin_natives. This is dangerous!
L 12/11/2025 - 16:45:16: An error occurred in plugin_natives. This is dangerous!
L 12/11/2025 - 16:45:16: An error occurred in plugin_natives. This is dangerous!
L 12/11/2025 - 16:45:16: An error occurred in plugin_natives. This is dangerous!
L 12/11/2025 - 16:45:16: An error occurred in plugin_natives. This is dangerous!
L 12/11/2025 - 16:45:16: An error occurred in plugin_natives. This is dangerous!
L 12/11/2025 - 16:45:16: [AMXX] Plugin "xpshop.amxx" failed to load: Plugin uses an unknown function (name "set_user_mj") - check your modules.ini.
L 12/11/2025 - 16:46:25: [CSX] Could not load csstats file: cstrike\
L 12/11/2025 - 16:46:25: -------- Mapchange to de_dust2 --------
L 12/11/2025 - 16:46:25: An error occurred in plugin_natives. This is dangerous!
L 12/11/2025 - 16:46:25: An error occurred in plugin_natives. This is dangerous!
L 12/11/2025 - 16:46:25: An error occurred in plugin_natives. This is dangerous!
L 12/11/2025 - 16:46:25: An error occurred in plugin_natives. This is dangerous!
L 12/11/2025 - 16:46:25: An error occurred in plugin_natives. This is dangerous!
L 12/11/2025 - 16:46:25: An error occurred in plugin_natives. This is dangerous!
L 12/11/2025 - 16:46:25: [AMXX] Plugin "xpshop.amxx" failed to load: Plugin uses an unknown function (name "set_user_mj") - check your modules.ini.
L 12/11/2025 - 16:46:29: [AMXX] Failed to open dictionary file: cstrike\addons\amxmodx\data\lang\zp_extra_pipe.txt
L 12/11/2025 - 16:48:25: [CSX] Could not load csstats file: cstrike\
L 12/11/2025 - 16:48:25: -------- Mapchange to de_dust2 --------
L 12/11/2025 - 16:48:25: An error occurred in plugin_natives. This is dangerous!
L 12/11/2025 - 16:48:25: An error occurred in plugin_natives. This is dangerous!
L 12/11/2025 - 16:48:26: An error occurred in plugin_natives. This is dangerous!
L 12/11/2025 - 16:48:26: An error occurred in plugin_natives. This is dangerous!
L 12/11/2025 - 16:48:26: An error occurred in plugin_natives. This is dangerous!
L 12/11/2025 - 16:48:26: An error occurred in plugin_natives. This is dangerous!
L 12/11/2025 - 16:48:26: [AMXX] Plugin "xpshop.amxx" failed to load: Plugin uses an unknown function (name "set_user_mj") - check your modules.ini.
L 12/11/2025 - 16:48:27: [AMXX] Failed to open dictionary file: cstrike\addons\amxmodx\data\lang\zp_extra_pipe.txt
L 12/11/2025 - 16:49:19: [CSX] Could not load csstats file: cstrike\
L 12/11/2025 - 16:49:19: -------- Mapchange to de_dust2 --------
L 12/11/2025 - 16:49:19: An error occurred in plugin_natives. This is dangerous!
L 12/11/2025 - 16:49:19: An error occurred in plugin_natives. This is dangerous!
L 12/11/2025 - 16:49:20: An error occurred in plugin_natives. This is dangerous!
L 12/11/2025 - 16:49:20: An error occurred in plugin_natives. This is dangerous!
L 12/11/2025 - 16:49:20: An error occurred in plugin_natives. This is dangerous!
L 12/11/2025 - 16:49:20: An error occurred in plugin_natives. This is dangerous!
L 12/11/2025 - 16:49:20: [AMXX] Plugin "xpshop.amxx" failed to load: Plugin uses an unknown function (name "set_user_mj") - check your modules.ini.
L 12/11/2025 - 16:49:21: [AMXX] Failed to open dictionary file: cstrike\addons\amxmodx\data\lang\zp_extra_pipe.txt
L 12/11/2025 - 17:00:36: [CSX] Could not load csstats file: cstrike\
L 12/11/2025 - 17:00:36: -------- Mapchange to de_dust2 --------
L 12/11/2025 - 17:00:36: An error occurred in plugin_natives. This is dangerous!
L 12/11/2025 - 17:00:37: An error occurred in plugin_natives. This is dangerous!
L 12/11/2025 - 17:00:37: An error occurred in plugin_natives. This is dangerous!
L 12/11/2025 - 17:00:37: An error occurred in plugin_natives. This is dangerous!
L 12/11/2025 - 17:00:37: An error occurred in plugin_natives. This is dangerous!
L 12/11/2025 - 17:00:37: An error occurred in plugin_natives. This is dangerous!
L 12/11/2025 - 17:00:37: [AMXX] Plugin "xpshop.amxx" failed to load: Plugin uses an unknown function (name "set_user_mj") - check your modules.ini.
L 12/11/2025 - 17:00:38: [AMXX] Failed to open dictionary file: cstrike\addons\amxmodx\data\lang\zp_extra_pipe.txt
L 12/11/2025 - 17:03:26: [CSX] Could not load csstats file: cstrike\
L 12/11/2025 - 17:03:26: -------- Mapchange to de_dust2 --------
L 12/11/2025 - 17:03:26: An error occurred in plugin_natives. This is dangerous!
L 12/11/2025 - 17:03:26: An error occurred in plugin_natives. This is dangerous!
L 12/11/2025 - 17:03:26: An error occurred in plugin_natives. This is dangerous!
L 12/11/2025 - 17:03:26: An error occurred in plugin_natives. This is dangerous!
L 12/11/2025 - 17:03:26: An error occurred in plugin_natives. This is dangerous!
L 12/11/2025 - 17:03:26: An error occurred in plugin_natives. This is dangerous!
L 12/11/2025 - 17:03:26: [AMXX] Plugin "xpshop.amxx" failed to load: Plugin uses an unknown function (name "set_user_mj") - check your modules.ini.
L 12/11/2025 - 17:05:32: [CSX] Could not load csstats file: cstrike\
L 12/11/2025 - 17:05:32: -------- Mapchange to de_dust2 --------
L 12/11/2025 - 17:05:32: An error occurred in plugin_natives. This is dangerous!
L 12/11/2025 - 17:05:32: An error occurred in plugin_natives. This is dangerous!
L 12/11/2025 - 17:05:32: An error occurred in plugin_natives. This is dangerous!
L 12/11/2025 - 17:05:32: An error occurred in plugin_natives. This is dangerous!
L 12/11/2025 - 17:05:32: An error occurred in plugin_natives. This is dangerous!
L 12/11/2025 - 17:05:32: An error occurred in plugin_natives. This is dangerous!
L 12/11/2025 - 17:05:32: [AMXX] Plugin "xpshop.amxx" failed to load: Plugin uses an unknown function (name "set_user_mj") - check your modules.ini.
L 12/11/2025 - 17:05:33: [AMXX] Failed to open dictionary file: cstrike\addons\amxmodx\data\lang\zp_extra_pipe.txt
